<?xml version="1.0" ?>
<SHOP>
  <SHOPITEM>
    <NAME>DECAL ASSY</NAME>
    <CODE>9AY1-190010</CODE>
    <CATEGORIES>
      <CATEGORY>Gladiator X1000 &gt; T3B (2018) &gt; Samolepky a štítky &gt; Nálepky (CRYSTAL ORANGE)</CATEGORY>
    </CATEGORIES>
    <PRICE_VAT>1291.2</PRICE_VAT>
    <VAT>21</VAT>
  </SHOPITEM>
  <SHOPITEM>
    <NAME>DECAL, AIR FILTER(LH)</NAME>
    <CODE>9AY0-190101</CODE>
    <CATEGORIES>
      <CATEGORY>Gladiator X1000 &gt; T3B (2018) &gt; Samolepky a štítky &gt; Nálepky (CRYSTAL ORANGE)</CATEGORY>
    </CATEGORIES>
    <PRICE_VAT>130.57</PRICE_VAT>
    <VAT>21</VAT>
  </SHOPITEM>
  <SHOPITEM>
    <NAME>DECAL, AIR FILTER(RH)</NAME>
    <CODE>9AY0-190102</CODE>
    <CATEGORIES>
      <CATEGORY>Gladiator X1000 &gt; T3B (2018) &gt; Samolepky a štítky &gt; Nálepky (CRYSTAL ORANGE)</CATEGORY>
    </CATEGORIES>
    <PRICE_VAT>130.57</PRICE_VAT>
    <VAT>21</VAT>
  </SHOPITEM>
  <SHOPITEM>
    <NAME>DECAL, SIDE COVER(LH)</NAME>
    <CODE>9AY0-190103</CODE>
    <CATEGORIES>
      <CATEGORY>Gladiator X1000 &gt; T3B (2018) &gt; Samolepky a štítky &gt; Nálepky (CRYSTAL ORANGE)</CATEGORY>
    </CATEGORIES>
    <PRICE_VAT>130.57</PRICE_VAT>
    <VAT>21</VAT>
  </SHOPITEM>
  <SHOPITEM>
    <NAME>DECAL, SIDE COVER(RH)</NAME>
    <CODE>9AY0-190104</CODE>
    <CATEGORIES>
      <CATEGORY>Gladiator X1000 &gt; T3B (2018) &gt; Samolepky a štítky &gt; Nálepky (CRYSTAL ORANGE)</CATEGORY>
    </CATEGORIES>
    <PRICE_VAT>130.57</PRICE_VAT>
    <VAT>21</VAT>
  </SHOPITEM>
  <SHOPITEM>
    <NAME>4×4 DECAL</NAME>
    <CODE>9AY0-190105</CODE>
    <CATEGORIES>
      <CATEGORY>Gladiator X1000 &gt; T3B (2018) &gt; Samolepky a štítky &gt; Nálepky (CRYSTAL ORANGE)</CATEGORY>
    </CATEGORIES>
    <PRICE_VAT>130.57</PRICE_VAT>
    <VAT>21</VAT>
  </SHOPITEM>
  <SHOPITEM>
    <NAME>EFI DECAL</NAME>
    <CODE>9AY0-190107</CODE>
    <CATEGORIES>
      <CATEGORY>Gladiator X1000 &gt; T3B (2018) &gt; Samolepky a štítky &gt; Nálepky (CRYSTAL ORANGE)</CATEGORY>
    </CATEGORIES>
    <PRICE_VAT>130.57</PRICE_VAT>
    <VAT>21</VAT>
  </SHOPITEM>
  <SHOPITEM>
    <NAME>EPS DECAL</NAME>
    <CODE>9AY0-190108</CODE>
    <CATEGORIES>
      <CATEGORY>Gladiator X1000 &gt; T3B (2018) &gt; Samolepky a štítky &gt; Nálepky (CRYSTAL ORANGE)</CATEGORY>
    </CATEGORIES>
    <PRICE_VAT>130.57</PRICE_VAT>
    <VAT>21</VAT>
  </SHOPITEM>
  <SHOPITEM>
    <NAME>MODEL DECAL</NAME>
    <CODE>9AY1-190001</CODE>
    <CATEGORIES>
      <CATEGORY>Gladiator X1000 &gt; T3B (2018) &gt; Samolepky a štítky &gt; Nálepky (CRYSTAL ORANGE)</CATEGORY>
    </CATEGORIES>
    <PRICE_VAT>130.57</PRICE_VAT>
    <VAT>21</VAT>
  </SHOPITEM>
  <SHOPITEM>
    <NAME>DECAL ASSY</NAME>
    <CODE>9AY1-190010-10000</CODE>
    <CATEGORIES>
      <CATEGORY>Gladiator X1000 &gt; T3B (2018) &gt; Samolepky a štítky &gt; Nálepky (PEARL BLACK)</CATEGORY>
    </CATEGORIES>
    <PRICE_VAT>1291.2</PRICE_VAT>
    <VAT>21</VAT>
  </SHOPITEM>
</SHOP>
